\BOOKMARK [0][]{tableofcontents.0}{Indice}{}% 1
\BOOKMARK [0][]{lof.0}{Elenco delle figure}{}% 2
\BOOKMARK [0][]{chapter.1}{1 Specifiche progetto}{}% 3
\BOOKMARK [1][-]{section.1.1}{1.1 Caratteristiche del sistema}{chapter.1}% 4
\BOOKMARK [1][-]{section.1.2}{1.2 Utenti del sistema}{chapter.1}% 5
\BOOKMARK [0][]{chapter.2}{2 Diagramma E-R}{}% 6
\BOOKMARK [1][-]{section.2.1}{2.1 Descrizione delle entit\340}{chapter.2}% 7
\BOOKMARK [2][-]{subsection.2.1.1}{2.1.1 Utente}{section.2.1}% 8
\BOOKMARK [2][-]{subsection.2.1.2}{2.1.2 Amministratore}{section.2.1}% 9
\BOOKMARK [2][-]{subsection.2.1.3}{2.1.3 Registrato}{section.2.1}% 10
\BOOKMARK [2][-]{subsection.2.1.4}{2.1.4 Arbitro}{section.2.1}% 11
\BOOKMARK [2][-]{subsection.2.1.5}{2.1.5 Gestore Squadra}{section.2.1}% 12
\BOOKMARK [2][-]{subsection.2.1.6}{2.1.6 Torneo}{section.2.1}% 13
\BOOKMARK [2][-]{subsection.2.1.7}{2.1.7 Partita}{section.2.1}% 14
\BOOKMARK [2][-]{subsection.2.1.8}{2.1.8 Referto}{section.2.1}% 15
\BOOKMARK [2][-]{subsection.2.1.9}{2.1.9 Squadra}{section.2.1}% 16
\BOOKMARK [2][-]{subsection.2.1.10}{2.1.10 Classifica}{section.2.1}% 17
\BOOKMARK [2][-]{subsection.2.1.11}{2.1.11 Giocatore}{section.2.1}% 18
\BOOKMARK [1][-]{section.2.2}{2.2 Descrizione delle associazioni}{chapter.2}% 19
\BOOKMARK [2][-]{subsection.2.2.1}{2.2.1 Ha}{section.2.2}% 20
\BOOKMARK [2][-]{subsection.2.2.2}{2.2.2 Presente}{section.2.2}% 21
\BOOKMARK [2][-]{subsection.2.2.3}{2.2.3 Composta}{section.2.2}% 22
\BOOKMARK [2][-]{subsection.2.2.4}{2.2.4 Gestisce}{section.2.2}% 23
\BOOKMARK [2][-]{subsection.2.2.5}{2.2.5 Riferito}{section.2.2}% 24
\BOOKMARK [2][-]{subsection.2.2.6}{2.2.6 Gestisce Registrato}{section.2.2}% 25
\BOOKMARK [2][-]{subsection.2.2.7}{2.2.7 Gestisce Torneo}{section.2.2}% 26
\BOOKMARK [2][-]{subsection.2.2.8}{2.2.8 Partecipa}{section.2.2}% 27
\BOOKMARK [2][-]{subsection.2.2.9}{2.2.9 Cartellino}{section.2.2}% 28
\BOOKMARK [2][-]{subsection.2.2.10}{2.2.10 Marcatore}{section.2.2}% 29
\BOOKMARK [2][-]{subsection.2.2.11}{2.2.11 Scelto}{section.2.2}% 30
\BOOKMARK [2][-]{subsection.2.2.12}{2.2.12 Formazione}{section.2.2}% 31
\BOOKMARK [2][-]{subsection.2.2.13}{2.2.13 Giocano}{section.2.2}% 32
\BOOKMARK [1][-]{section.2.3}{2.3 Il modello E-R completo}{chapter.2}% 33
\BOOKMARK [0][]{chapter.3}{3 Modello relazionale}{}% 34
\BOOKMARK [1][-]{section.3.1}{3.1 L'algoritmo di traduzione}{chapter.3}% 35
\BOOKMARK [2][-]{subsection.3.1.1}{3.1.1 Traduzione di entit\340}{section.3.1}% 36
\BOOKMARK [2][-]{subsection.3.1.2}{3.1.2 Traduzione della specializzazione}{section.3.1}% 37
\BOOKMARK [2][-]{subsection.3.1.3}{3.1.3 Traduzione di entit\340 deboli}{section.3.1}% 38
\BOOKMARK [2][-]{subsection.3.1.4}{3.1.4 Traduzione di associazioni binarie 1:1}{section.3.1}% 39
\BOOKMARK [2][-]{subsection.3.1.5}{3.1.5 Traduzione di associazioni binarie 1:N}{section.3.1}% 40
\BOOKMARK [2][-]{subsection.3.1.6}{3.1.6 Traduzione di associazioni binarie N:M}{section.3.1}% 41
\BOOKMARK [2][-]{subsection.3.1.7}{3.1.7 Traduzione di associazioni ternarie}{section.3.1}% 42
\BOOKMARK [1][-]{section.3.2}{3.2 Applicazione dell'algoritmo di traduzione}{chapter.3}% 43
\BOOKMARK [0][]{chapter.4}{4 Normalizzazione}{}% 44
\BOOKMARK [1][-]{section.4.1}{4.1 Cenni teorici}{chapter.4}% 45
\BOOKMARK [2][-]{subsection.4.1.1}{4.1.1 Prima forma normale \(1NF\)}{section.4.1}% 46
\BOOKMARK [2][-]{subsection.4.1.2}{4.1.2 Seconda forma normale \(2NF\)}{section.4.1}% 47
\BOOKMARK [2][-]{subsection.4.1.3}{4.1.3 Terza forma normale \(3NF\)}{section.4.1}% 48
\BOOKMARK [1][-]{section.4.2}{4.2 Processo di normalizzazione}{chapter.4}% 49
\BOOKMARK [0][]{chapter.5}{5 Codice SQL}{}% 50
\BOOKMARK [1][-]{section.5.1}{5.1 DDL}{chapter.5}% 51
\BOOKMARK [2][-]{subsection.5.1.1}{5.1.1 Utente}{section.5.1}% 52
\BOOKMARK [2][-]{subsection.5.1.2}{5.1.2 Amministratore}{section.5.1}% 53
\BOOKMARK [2][-]{subsection.5.1.3}{5.1.3 Registrato}{section.5.1}% 54
\BOOKMARK [2][-]{subsection.5.1.4}{5.1.4 Arbitro}{section.5.1}% 55
\BOOKMARK [2][-]{subsection.5.1.5}{5.1.5 Gestore Squadra}{section.5.1}% 56
\BOOKMARK [2][-]{subsection.5.1.6}{5.1.6 Torneo}{section.5.1}% 57
\BOOKMARK [2][-]{subsection.5.1.7}{5.1.7 Partita}{section.5.1}% 58
\BOOKMARK [2][-]{subsection.5.1.8}{5.1.8 Referto}{section.5.1}% 59
\BOOKMARK [2][-]{subsection.5.1.9}{5.1.9 Squadra}{section.5.1}% 60
\BOOKMARK [2][-]{subsection.5.1.10}{5.1.10 Classifica}{section.5.1}% 61
\BOOKMARK [2][-]{subsection.5.1.11}{5.1.11 Giocatore}{section.5.1}% 62
\BOOKMARK [2][-]{subsection.5.1.12}{5.1.12 Marcatore}{section.5.1}% 63
\BOOKMARK [2][-]{subsection.5.1.13}{5.1.13 Partecipano}{section.5.1}% 64
\BOOKMARK [2][-]{subsection.5.1.14}{5.1.14 Cartellino}{section.5.1}% 65
\BOOKMARK [2][-]{subsection.5.1.15}{5.1.15 Scelto}{section.5.1}% 66
\BOOKMARK [2][-]{subsection.5.1.16}{5.1.16 Formazione}{section.5.1}% 67
\BOOKMARK [2][-]{subsection.5.1.17}{5.1.17 Giocano}{section.5.1}% 68
\BOOKMARK [1][-]{section.5.2}{5.2 Interrogazioni}{chapter.5}% 69
\BOOKMARK [2][-]{subsection.5.2.1}{5.2.1 INSERT}{section.5.2}% 70
\BOOKMARK [2][-]{subsection.5.2.2}{5.2.2 UPDATE}{section.5.2}% 71
\BOOKMARK [2][-]{subsection.5.2.3}{5.2.3 SELECT}{section.5.2}% 72
